<?xml version="1.0" encoding="UTF-8"?>
<testsuite xmlns:xsi="http://www.w3.org/2001/XMLSchema-instance" xsi:noNamespaceSchemaLocation="https://maven.apache.org/surefire/maven-surefire-plugin/xsd/surefire-test-report.xsd" version="3.0.2" name="com.monit.common.DtoSerializationTest" time="0.212" tests="2" errors="0" skipped="0" failures="0">
  <properties>
[...]
</properties>
  <testcase name="healthReportRoundTripsThroughJson" classname="com.monit.common.DtoSerializationTest" time="0.106"/>
  <testcase name="registerRequestAndResponseRoundTrip" classname="com.monit.common.DtoSerializationTest" time="0.003"/>
</testsuite>